Configuration file: /home/vishwa/theevildoof.github.io/_config.yml
            Source: /home/vishwa/theevildoof.github.io
       Destination: /home/vishwa/theevildoof.github.io/_site
 Incremental build: disabled. Enable with --incremental
      Generating... 
       Jekyll Feed: Generating feed for posts
       Imagemagick: Searching files in /home/vishwa/theevildoof.github.io/assets/img/
       Imagemagick: Generating image "/home/vishwa/theevildoof.github.io/_site/assets/img/5-480.webp"
[31m       Imagemagick: Command returned pid 25400 exit 127 with error sh: 1: convert: not found [0m
       Imagemagick: Generating image "/home/vishwa/theevildoof.github.io/_site/assets/img/5-800.webp"
[31m       Imagemagick: Command returned pid 25402 exit 127 with error sh: 1: convert: not found [0m
       Imagemagick: Generating image "/home/vishwa/theevildoof.github.io/_site/assets/img/5-1400.webp"
[31m       Imagemagick: Command returned pid 25403 exit 127 with error sh: 1: convert: not found [0m
       Imagemagick: Generating image "/home/vishwa/theevildoof.github.io/_site/assets/img/distill-screenshot-480.webp"
[31m       Imagemagick: Command returned pid 25404 exit 127 with error sh: 1: convert: not found [0m
       Imagemagick: Generating image "/home/vishwa/theevildoof.github.io/_site/assets/img/distill-screenshot-800.webp"
[31m       Imagemagick: Command returned pid 25405 exit 127 with error sh: 1: convert: not found [0m
       Imagemagick: Generating image "/home/vishwa/theevildoof.github.io/_site/assets/img/distill-screenshot-1400.webp"
[31m       Imagemagick: Command returned pid 25406 exit 127 with error sh: 1: convert: not found [0m
       Imagemagick: Generating image "/home/vishwa/theevildoof.github.io/_site/assets/img/1-480.webp"
[31m       Imagemagick: Command returned pid 25407 exit 127 with error sh: 1: convert: not found [0m
       Imagemagick: Generating image "/home/vishwa/theevildoof.github.io/_site/assets/img/1-800.webp"
[31m       Imagemagick: Command returned pid 25408 exit 127 with error sh: 1: convert: not found [0m
       Imagemagick: Generating image "/home/vishwa/theevildoof.github.io/_site/assets/img/1-1400.webp"
[31m       Imagemagick: Command returned pid 25409 exit 127 with error sh: 1: convert: not found [0m
       Imagemagick: Generating image "/home/vishwa/theevildoof.github.io/_site/assets/img/9-480.webp"
[31m       Imagemagick: Command returned pid 25410 exit 127 with error sh: 1: convert: not found [0m
       Imagemagick: Generating image "/home/vishwa/theevildoof.github.io/_site/assets/img/9-800.webp"
[31m       Imagemagick: Command returned pid 25411 exit 127 with error sh: 1: convert: not found [0m
       Imagemagick: Generating image "/home/vishwa/theevildoof.github.io/_site/assets/img/9-1400.webp"
[31m       Imagemagick: Command returned pid 25412 exit 127 with error sh: 1: convert: not found [0m
       Imagemagick: Generating image "/home/vishwa/theevildoof.github.io/_site/assets/img/asfalt-dark-480.webp"
[31m       Imagemagick: Command returned pid 25413 exit 127 with error sh: 1: convert: not found [0m
       Imagemagick: Generating image "/home/vishwa/theevildoof.github.io/_site/assets/img/asfalt-dark-800.webp"
[31m       Imagemagick: Command returned pid 25414 exit 127 with error sh: 1: convert: not found [0m
       Imagemagick: Generating image "/home/vishwa/theevildoof.github.io/_site/assets/img/asfalt-dark-1400.webp"
[31m       Imagemagick: Command returned pid 25415 exit 127 with error sh: 1: convert: not found [0m
       Imagemagick: Generating image "/home/vishwa/theevildoof.github.io/_site/assets/img/11-480.webp"
[31m       Imagemagick: Command returned pid 25416 exit 127 with error sh: 1: convert: not found [0m
       Imagemagick: Generating image "/home/vishwa/theevildoof.github.io/_site/assets/img/11-800.webp"
[31m       Imagemagick: Command returned pid 25417 exit 127 with error sh: 1: convert: not found [0m
       Imagemagick: Generating image "/home/vishwa/theevildoof.github.io/_site/assets/img/11-1400.webp"
[31m       Imagemagick: Command returned pid 25418 exit 127 with error sh: 1: convert: not found [0m
       Imagemagick: Generating image "/home/vishwa/theevildoof.github.io/_site/assets/img/publications-screenshot-480.webp"
[31m       Imagemagick: Command returned pid 25419 exit 127 with error sh: 1: convert: not found [0m
       Imagemagick: Generating image "/home/vishwa/theevildoof.github.io/_site/assets/img/publications-screenshot-800.webp"
[31m       Imagemagick: Command returned pid 25420 exit 127 with error sh: 1: convert: not found [0m
       Imagemagick: Generating image "/home/vishwa/theevildoof.github.io/_site/assets/img/publications-screenshot-1400.webp"
[31m       Imagemagick: Command returned pid 25421 exit 127 with error sh: 1: convert: not found [0m
       Imagemagick: Generating image "/home/vishwa/theevildoof.github.io/_site/assets/img/al-folio-preview-480.webp"
[31m       Imagemagick: Command returned pid 25422 exit 127 with error sh: 1: convert: not found [0m
       Imagemagick: Generating image "/home/vishwa/theevildoof.github.io/_site/assets/img/al-folio-preview-800.webp"
[31m       Imagemagick: Command returned pid 25423 exit 127 with error sh: 1: convert: not found [0m
       Imagemagick: Generating image "/home/vishwa/theevildoof.github.io/_site/assets/img/al-folio-preview-1400.webp"
[31m       Imagemagick: Command returned pid 25424 exit 127 with error sh: 1: convert: not found [0m
       Imagemagick: Generating image "/home/vishwa/theevildoof.github.io/_site/assets/img/projects-screenshot-480.webp"
[31m       Imagemagick: Command returned pid 25425 exit 127 with error sh: 1: convert: not found [0m
       Imagemagick: Generating image "/home/vishwa/theevildoof.github.io/_site/assets/img/projects-screenshot-800.webp"
[31m       Imagemagick: Command returned pid 25426 exit 127 with error sh: 1: convert: not found [0m
       Imagemagick: Generating image "/home/vishwa/theevildoof.github.io/_site/assets/img/projects-screenshot-1400.webp"
[31m       Imagemagick: Command returned pid 25427 exit 127 with error sh: 1: convert: not found [0m
       Imagemagick: Generating image "/home/vishwa/theevildoof.github.io/_site/assets/img/7-480.webp"
[31m       Imagemagick: Command returned pid 25428 exit 127 with error sh: 1: convert: not found [0m
       Imagemagick: Generating image "/home/vishwa/theevildoof.github.io/_site/assets/img/7-800.webp"
[31m       Imagemagick: Command returned pid 25429 exit 127 with error sh: 1: convert: not found [0m
       Imagemagick: Generating image "/home/vishwa/theevildoof.github.io/_site/assets/img/7-1400.webp"
[31m       Imagemagick: Command returned pid 25430 exit 127 with error sh: 1: convert: not found [0m
       Imagemagick: Generating image "/home/vishwa/theevildoof.github.io/_site/assets/img/code-screenshot-480.webp"
[31m       Imagemagick: Command returned pid 25431 exit 127 with error sh: 1: convert: not found [0m
       Imagemagick: Generating image "/home/vishwa/theevildoof.github.io/_site/assets/img/code-screenshot-800.webp"
[31m       Imagemagick: Command returned pid 25432 exit 127 with error sh: 1: convert: not found [0m
       Imagemagick: Generating image "/home/vishwa/theevildoof.github.io/_site/assets/img/code-screenshot-1400.webp"
[31m       Imagemagick: Command returned pid 25433 exit 127 with error sh: 1: convert: not found [0m
       Imagemagick: Generating image "/home/vishwa/theevildoof.github.io/_site/assets/img/_site/5-480.webp"
[31m       Imagemagick: Command returned pid 25434 exit 127 with error sh: 1: convert: not found [0m
       Imagemagick: Generating image "/home/vishwa/theevildoof.github.io/_site/assets/img/_site/5-800.webp"
[31m       Imagemagick: Command returned pid 25435 exit 127 with error sh: 1: convert: not found [0m
       Imagemagick: Generating image "/home/vishwa/theevildoof.github.io/_site/assets/img/_site/5-1400.webp"
[31m       Imagemagick: Command returned pid 25436 exit 127 with error sh: 1: convert: not found [0m
       Imagemagick: Generating image "/home/vishwa/theevildoof.github.io/_site/assets/img/_site/distill-screenshot-480.webp"
[31m       Imagemagick: Command returned pid 25437 exit 127 with error sh: 1: convert: not found [0m
       Imagemagick: Generating image "/home/vishwa/theevildoof.github.io/_site/assets/img/_site/distill-screenshot-800.webp"
[31m       Imagemagick: Command returned pid 25438 exit 127 with error sh: 1: convert: not found [0m
       Imagemagick: Generating image "/home/vishwa/theevildoof.github.io/_site/assets/img/_site/distill-screenshot-1400.webp"
[31m       Imagemagick: Command returned pid 25439 exit 127 with error sh: 1: convert: not found [0m
       Imagemagick: Generating image "/home/vishwa/theevildoof.github.io/_site/assets/img/_site/1-480.webp"
[31m       Imagemagick: Command returned pid 25440 exit 127 with error sh: 1: convert: not found [0m
       Imagemagick: Generating image "/home/vishwa/theevildoof.github.io/_site/assets/img/_site/1-800.webp"
[31m       Imagemagick: Command returned pid 25441 exit 127 with error sh: 1: convert: not found [0m
       Imagemagick: Generating image "/home/vishwa/theevildoof.github.io/_site/assets/img/_site/1-1400.webp"
[31m       Imagemagick: Command returned pid 25442 exit 127 with error sh: 1: convert: not found [0m
       Imagemagick: Generating image "/home/vishwa/theevildoof.github.io/_site/assets/img/_site/9-480.webp"
[31m       Imagemagick: Command returned pid 25443 exit 127 with error sh: 1: convert: not found [0m
       Imagemagick: Generating image "/home/vishwa/theevildoof.github.io/_site/assets/img/_site/9-800.webp"
[31m       Imagemagick: Command returned pid 25444 exit 127 with error sh: 1: convert: not found [0m
       Imagemagick: Generating image "/home/vishwa/theevildoof.github.io/_site/assets/img/_site/9-1400.webp"
[31m       Imagemagick: Command returned pid 25445 exit 127 with error sh: 1: convert: not found [0m
       Imagemagick: Generating image "/home/vishwa/theevildoof.github.io/_site/assets/img/_site/asfalt-dark-480.webp"
[31m       Imagemagick: Command returned pid 25446 exit 127 with error sh: 1: convert: not found [0m
       Imagemagick: Generating image "/home/vishwa/theevildoof.github.io/_site/assets/img/_site/asfalt-dark-800.webp"
[31m       Imagemagick: Command returned pid 25447 exit 127 with error sh: 1: convert: not found [0m
       Imagemagick: Generating image "/home/vishwa/theevildoof.github.io/_site/assets/img/_site/asfalt-dark-1400.webp"
[31m       Imagemagick: Command returned pid 25448 exit 127 with error sh: 1: convert: not found [0m
       Imagemagick: Generating image "/home/vishwa/theevildoof.github.io/_site/assets/img/_site/11-480.webp"
[31m       Imagemagick: Command returned pid 25449 exit 127 with error sh: 1: convert: not found [0m
       Imagemagick: Generating image "/home/vishwa/theevildoof.github.io/_site/assets/img/_site/11-800.webp"
[31m       Imagemagick: Command returned pid 25450 exit 127 with error sh: 1: convert: not found [0m
       Imagemagick: Generating image "/home/vishwa/theevildoof.github.io/_site/assets/img/_site/11-1400.webp"
[31m       Imagemagick: Command returned pid 25451 exit 127 with error sh: 1: convert: not found [0m
       Imagemagick: Generating image "/home/vishwa/theevildoof.github.io/_site/assets/img/_site/publications-screenshot-480.webp"
[31m       Imagemagick: Command returned pid 25452 exit 127 with error sh: 1: convert: not found [0m
       Imagemagick: Generating image "/home/vishwa/theevildoof.github.io/_site/assets/img/_site/publications-screenshot-800.webp"
[31m       Imagemagick: Command returned pid 25453 exit 127 with error sh: 1: convert: not found [0m
       Imagemagick: Generating image "/home/vishwa/theevildoof.github.io/_site/assets/img/_site/publications-screenshot-1400.webp"
[31m       Imagemagick: Command returned pid 25454 exit 127 with error sh: 1: convert: not found [0m
       Imagemagick: Generating image "/home/vishwa/theevildoof.github.io/_site/assets/img/_site/al-folio-preview-480.webp"
[31m       Imagemagick: Command returned pid 25455 exit 127 with error sh: 1: convert: not found [0m
       Imagemagick: Generating image "/home/vishwa/theevildoof.github.io/_site/assets/img/_site/al-folio-preview-800.webp"
[31m       Imagemagick: Command returned pid 25456 exit 127 with error sh: 1: convert: not found [0m
       Imagemagick: Generating image "/home/vishwa/theevildoof.github.io/_site/assets/img/_site/al-folio-preview-1400.webp"
[31m       Imagemagick: Command returned pid 25457 exit 127 with error sh: 1: convert: not found [0m
       Imagemagick: Generating image "/home/vishwa/theevildoof.github.io/_site/assets/img/_site/projects-screenshot-480.webp"
[31m       Imagemagick: Command returned pid 25458 exit 127 with error sh: 1: convert: not found [0m
       Imagemagick: Generating image "/home/vishwa/theevildoof.github.io/_site/assets/img/_site/projects-screenshot-800.webp"
[31m       Imagemagick: Command returned pid 25459 exit 127 with error sh: 1: convert: not found [0m
       Imagemagick: Generating image "/home/vishwa/theevildoof.github.io/_site/assets/img/_site/projects-screenshot-1400.webp"
[31m       Imagemagick: Command returned pid 25460 exit 127 with error sh: 1: convert: not found [0m
       Imagemagick: Generating image "/home/vishwa/theevildoof.github.io/_site/assets/img/_site/7-480.webp"
[31m       Imagemagick: Command returned pid 25461 exit 127 with error sh: 1: convert: not found [0m
       Imagemagick: Generating image "/home/vishwa/theevildoof.github.io/_site/assets/img/_site/7-800.webp"
[31m       Imagemagick: Command returned pid 25462 exit 127 with error sh: 1: convert: not found [0m
       Imagemagick: Generating image "/home/vishwa/theevildoof.github.io/_site/assets/img/_site/7-1400.webp"
[31m       Imagemagick: Command returned pid 25463 exit 127 with error sh: 1: convert: not found [0m
       Imagemagick: Generating image "/home/vishwa/theevildoof.github.io/_site/assets/img/_site/code-screenshot-480.webp"
[31m       Imagemagick: Command returned pid 25464 exit 127 with error sh: 1: convert: not found [0m
       Imagemagick: Generating image "/home/vishwa/theevildoof.github.io/_site/assets/img/_site/code-screenshot-800.webp"
[31m       Imagemagick: Command returned pid 25465 exit 127 with error sh: 1: convert: not found [0m
       Imagemagick: Generating image "/home/vishwa/theevildoof.github.io/_site/assets/img/_site/code-screenshot-1400.webp"
[31m       Imagemagick: Command returned pid 25466 exit 127 with error sh: 1: convert: not found [0m
       Imagemagick: Generating image "/home/vishwa/theevildoof.github.io/_site/assets/img/_site/10-480.webp"
[31m       Imagemagick: Command returned pid 25467 exit 127 with error sh: 1: convert: not found [0m
       Imagemagick: Generating image "/home/vishwa/theevildoof.github.io/_site/assets/img/_site/10-800.webp"
[31m       Imagemagick: Command returned pid 25468 exit 127 with error sh: 1: convert: not found [0m
       Imagemagick: Generating image "/home/vishwa/theevildoof.github.io/_site/assets/img/_site/10-1400.webp"
[31m       Imagemagick: Command returned pid 25469 exit 127 with error sh: 1: convert: not found [0m
       Imagemagick: Generating image "/home/vishwa/theevildoof.github.io/_site/assets/img/_site/4-480.webp"
[31m       Imagemagick: Command returned pid 25470 exit 127 with error sh: 1: convert: not found [0m
       Imagemagick: Generating image "/home/vishwa/theevildoof.github.io/_site/assets/img/_site/4-800.webp"
[31m       Imagemagick: Command returned pid 25471 exit 127 with error sh: 1: convert: not found [0m
       Imagemagick: Generating image "/home/vishwa/theevildoof.github.io/_site/assets/img/_site/4-1400.webp"
[31m       Imagemagick: Command returned pid 25472 exit 127 with error sh: 1: convert: not found [0m
       Imagemagick: Generating image "/home/vishwa/theevildoof.github.io/_site/assets/img/_site/12-480.webp"
[31m       Imagemagick: Command returned pid 25473 exit 127 with error sh: 1: convert: not found [0m
       Imagemagick: Generating image "/home/vishwa/theevildoof.github.io/_site/assets/img/_site/12-800.webp"
[31m       Imagemagick: Command returned pid 25474 exit 127 with error sh: 1: convert: not found [0m
       Imagemagick: Generating image "/home/vishwa/theevildoof.github.io/_site/assets/img/_site/12-1400.webp"
[31m       Imagemagick: Command returned pid 25475 exit 127 with error sh: 1: convert: not found [0m
       Imagemagick: Generating image "/home/vishwa/theevildoof.github.io/_site/assets/img/_site/6-480.webp"
[31m       Imagemagick: Command returned pid 25476 exit 127 with error sh: 1: convert: not found [0m
       Imagemagick: Generating image "/home/vishwa/theevildoof.github.io/_site/assets/img/_site/6-800.webp"
[31m       Imagemagick: Command returned pid 25477 exit 127 with error sh: 1: convert: not found [0m
       Imagemagick: Generating image "/home/vishwa/theevildoof.github.io/_site/assets/img/_site/6-1400.webp"
[31m       Imagemagick: Command returned pid 25478 exit 127 with error sh: 1: convert: not found [0m
       Imagemagick: Generating image "/home/vishwa/theevildoof.github.io/_site/assets/img/_site/prof_pic-480.webp"
[31m       Imagemagick: Command returned pid 25479 exit 127 with error sh: 1: convert: not found [0m
       Imagemagick: Generating image "/home/vishwa/theevildoof.github.io/_site/assets/img/_site/prof_pic-800.webp"
[31m       Imagemagick: Command returned pid 25480 exit 127 with error sh: 1: convert: not found [0m
       Imagemagick: Generating image "/home/vishwa/theevildoof.github.io/_site/assets/img/_site/prof_pic-1400.webp"
[31m       Imagemagick: Command returned pid 25481 exit 127 with error sh: 1: convert: not found [0m
       Imagemagick: Generating image "/home/vishwa/theevildoof.github.io/_site/assets/img/_site/math-screenshot-480.webp"
[31m       Imagemagick: Command returned pid 25482 exit 127 with error sh: 1: convert: not found [0m
       Imagemagick: Generating image "/home/vishwa/theevildoof.github.io/_site/assets/img/_site/math-screenshot-800.webp"
[31m       Imagemagick: Command returned pid 25483 exit 127 with error sh: 1: convert: not found [0m
       Imagemagick: Generating image "/home/vishwa/theevildoof.github.io/_site/assets/img/_site/math-screenshot-1400.webp"
[31m       Imagemagick: Command returned pid 25484 exit 127 with error sh: 1: convert: not found [0m
       Imagemagick: Generating image "/home/vishwa/theevildoof.github.io/_site/assets/img/_site/photos-screenshot-480.webp"
[31m       Imagemagick: Command returned pid 25485 exit 127 with error sh: 1: convert: not found [0m
       Imagemagick: Generating image "/home/vishwa/theevildoof.github.io/_site/assets/img/_site/photos-screenshot-800.webp"
[31m       Imagemagick: Command returned pid 25486 exit 127 with error sh: 1: convert: not found [0m
       Imagemagick: Generating image "/home/vishwa/theevildoof.github.io/_site/assets/img/_site/photos-screenshot-1400.webp"
[31m       Imagemagick: Command returned pid 25487 exit 127 with error sh: 1: convert: not found [0m
       Imagemagick: Generating image "/home/vishwa/theevildoof.github.io/_site/assets/img/_site/asfalt-light-480.webp"
[31m       Imagemagick: Command returned pid 25488 exit 127 with error sh: 1: convert: not found [0m
       Imagemagick: Generating image "/home/vishwa/theevildoof.github.io/_site/assets/img/_site/asfalt-light-800.webp"
[31m       Imagemagick: Command returned pid 25489 exit 127 with error sh: 1: convert: not found [0m
       Imagemagick: Generating image "/home/vishwa/theevildoof.github.io/_site/assets/img/_site/asfalt-light-1400.webp"
[31m       Imagemagick: Command returned pid 25490 exit 127 with error sh: 1: convert: not found [0m
       Imagemagick: Generating image "/home/vishwa/theevildoof.github.io/_site/assets/img/_site/8-480.webp"
[31m       Imagemagick: Command returned pid 25491 exit 127 with error sh: 1: convert: not found [0m
       Imagemagick: Generating image "/home/vishwa/theevildoof.github.io/_site/assets/img/_site/8-800.webp"
[31m       Imagemagick: Command returned pid 25492 exit 127 with error sh: 1: convert: not found [0m
       Imagemagick: Generating image "/home/vishwa/theevildoof.github.io/_site/assets/img/_site/8-1400.webp"
[31m       Imagemagick: Command returned pid 25493 exit 127 with error sh: 1: convert: not found [0m
       Imagemagick: Generating image "/home/vishwa/theevildoof.github.io/_site/assets/img/_site/3-480.webp"
[31m       Imagemagick: Command returned pid 25494 exit 127 with error sh: 1: convert: not found [0m
       Imagemagick: Generating image "/home/vishwa/theevildoof.github.io/_site/assets/img/_site/3-800.webp"
[31m       Imagemagick: Command returned pid 25495 exit 127 with error sh: 1: convert: not found [0m
       Imagemagick: Generating image "/home/vishwa/theevildoof.github.io/_site/assets/img/_site/3-1400.webp"
[31m       Imagemagick: Command returned pid 25496 exit 127 with error sh: 1: convert: not found [0m
       Imagemagick: Generating image "/home/vishwa/theevildoof.github.io/_site/assets/img/_site/2-480.webp"
[31m       Imagemagick: Command returned pid 25497 exit 127 with error sh: 1: convert: not found [0m
       Imagemagick: Generating image "/home/vishwa/theevildoof.github.io/_site/assets/img/_site/2-800.webp"
[31m       Imagemagick: Command returned pid 25498 exit 127 with error sh: 1: convert: not found [0m
       Imagemagick: Generating image "/home/vishwa/theevildoof.github.io/_site/assets/img/_site/2-1400.webp"
[31m       Imagemagick: Command returned pid 25499 exit 127 with error sh: 1: convert: not found [0m
       Imagemagick: Generating image "/home/vishwa/theevildoof.github.io/_site/assets/img/10-480.webp"
[31m       Imagemagick: Command returned pid 25500 exit 127 with error sh: 1: convert: not found [0m
       Imagemagick: Generating image "/home/vishwa/theevildoof.github.io/_site/assets/img/10-800.webp"
[31m       Imagemagick: Command returned pid 25501 exit 127 with error sh: 1: convert: not found [0m
       Imagemagick: Generating image "/home/vishwa/theevildoof.github.io/_site/assets/img/10-1400.webp"
[31m       Imagemagick: Command returned pid 25502 exit 127 with error sh: 1: convert: not found [0m
       Imagemagick: Generating image "/home/vishwa/theevildoof.github.io/_site/assets/img/4-480.webp"
[31m       Imagemagick: Command returned pid 25503 exit 127 with error sh: 1: convert: not found [0m
       Imagemagick: Generating image "/home/vishwa/theevildoof.github.io/_site/assets/img/4-800.webp"
[31m       Imagemagick: Command returned pid 25504 exit 127 with error sh: 1: convert: not found [0m
       Imagemagick: Generating image "/home/vishwa/theevildoof.github.io/_site/assets/img/4-1400.webp"
[31m       Imagemagick: Command returned pid 25505 exit 127 with error sh: 1: convert: not found [0m
       Imagemagick: Generating image "/home/vishwa/theevildoof.github.io/_site/assets/img/12-480.webp"
[31m       Imagemagick: Command returned pid 25506 exit 127 with error sh: 1: convert: not found [0m
       Imagemagick: Generating image "/home/vishwa/theevildoof.github.io/_site/assets/img/12-800.webp"
[31m       Imagemagick: Command returned pid 25507 exit 127 with error sh: 1: convert: not found [0m
       Imagemagick: Generating image "/home/vishwa/theevildoof.github.io/_site/assets/img/12-1400.webp"
[31m       Imagemagick: Command returned pid 25508 exit 127 with error sh: 1: convert: not found [0m
       Imagemagick: Generating image "/home/vishwa/theevildoof.github.io/_site/assets/img/6-480.webp"
[31m       Imagemagick: Command returned pid 25509 exit 127 with error sh: 1: convert: not found [0m
       Imagemagick: Generating image "/home/vishwa/theevildoof.github.io/_site/assets/img/6-800.webp"
[31m       Imagemagick: Command returned pid 25510 exit 127 with error sh: 1: convert: not found [0m
       Imagemagick: Generating image "/home/vishwa/theevildoof.github.io/_site/assets/img/6-1400.webp"
[31m       Imagemagick: Command returned pid 25511 exit 127 with error sh: 1: convert: not found [0m
       Imagemagick: Generating image "/home/vishwa/theevildoof.github.io/_site/assets/img/prof_pic-480.webp"
[31m       Imagemagick: Command returned pid 25512 exit 127 with error sh: 1: convert: not found [0m
       Imagemagick: Generating image "/home/vishwa/theevildoof.github.io/_site/assets/img/prof_pic-800.webp"
[31m       Imagemagick: Command returned pid 25513 exit 127 with error sh: 1: convert: not found [0m
       Imagemagick: Generating image "/home/vishwa/theevildoof.github.io/_site/assets/img/prof_pic-1400.webp"
[31m       Imagemagick: Command returned pid 25514 exit 127 with error sh: 1: convert: not found [0m
       Imagemagick: Generating image "/home/vishwa/theevildoof.github.io/_site/assets/img/math-screenshot-480.webp"
[31m       Imagemagick: Command returned pid 25515 exit 127 with error sh: 1: convert: not found [0m
       Imagemagick: Generating image "/home/vishwa/theevildoof.github.io/_site/assets/img/math-screenshot-800.webp"
[31m       Imagemagick: Command returned pid 25516 exit 127 with error sh: 1: convert: not found [0m
       Imagemagick: Generating image "/home/vishwa/theevildoof.github.io/_site/assets/img/math-screenshot-1400.webp"
[31m       Imagemagick: Command returned pid 25517 exit 127 with error sh: 1: convert: not found [0m
       Imagemagick: Generating image "/home/vishwa/theevildoof.github.io/_site/assets/img/photos-screenshot-480.webp"
[31m       Imagemagick: Command returned pid 25518 exit 127 with error sh: 1: convert: not found [0m
       Imagemagick: Generating image "/home/vishwa/theevildoof.github.io/_site/assets/img/photos-screenshot-800.webp"
[31m       Imagemagick: Command returned pid 25519 exit 127 with error sh: 1: convert: not found [0m
       Imagemagick: Generating image "/home/vishwa/theevildoof.github.io/_site/assets/img/photos-screenshot-1400.webp"
[31m       Imagemagick: Command returned pid 25520 exit 127 with error sh: 1: convert: not found [0m
       Imagemagick: Generating image "/home/vishwa/theevildoof.github.io/_site/assets/img/asfalt-light-480.webp"
[31m       Imagemagick: Command returned pid 25521 exit 127 with error sh: 1: convert: not found [0m
       Imagemagick: Generating image "/home/vishwa/theevildoof.github.io/_site/assets/img/asfalt-light-800.webp"
[31m       Imagemagick: Command returned pid 25522 exit 127 with error sh: 1: convert: not found [0m
       Imagemagick: Generating image "/home/vishwa/theevildoof.github.io/_site/assets/img/asfalt-light-1400.webp"
[31m       Imagemagick: Command returned pid 25523 exit 127 with error sh: 1: convert: not found [0m
       Imagemagick: Generating image "/home/vishwa/theevildoof.github.io/_site/assets/img/8-480.webp"
[31m       Imagemagick: Command returned pid 25524 exit 127 with error sh: 1: convert: not found [0m
       Imagemagick: Generating image "/home/vishwa/theevildoof.github.io/_site/assets/img/8-800.webp"
[31m       Imagemagick: Command returned pid 25525 exit 127 with error sh: 1: convert: not found [0m
       Imagemagick: Generating image "/home/vishwa/theevildoof.github.io/_site/assets/img/8-1400.webp"
[31m       Imagemagick: Command returned pid 25526 exit 127 with error sh: 1: convert: not found [0m
       Imagemagick: Generating image "/home/vishwa/theevildoof.github.io/_site/assets/img/3-480.webp"
[31m       Imagemagick: Command returned pid 25527 exit 127 with error sh: 1: convert: not found [0m
       Imagemagick: Generating image "/home/vishwa/theevildoof.github.io/_site/assets/img/3-800.webp"
[31m       Imagemagick: Command returned pid 25528 exit 127 with error sh: 1: convert: not found [0m
       Imagemagick: Generating image "/home/vishwa/theevildoof.github.io/_site/assets/img/3-1400.webp"
[31m       Imagemagick: Command returned pid 25529 exit 127 with error sh: 1: convert: not found [0m
       Imagemagick: Generating image "/home/vishwa/theevildoof.github.io/_site/assets/img/2-480.webp"
[31m       Imagemagick: Command returned pid 25530 exit 127 with error sh: 1: convert: not found [0m
       Imagemagick: Generating image "/home/vishwa/theevildoof.github.io/_site/assets/img/2-800.webp"
[31m       Imagemagick: Command returned pid 25531 exit 127 with error sh: 1: convert: not found [0m
       Imagemagick: Generating image "/home/vishwa/theevildoof.github.io/_site/assets/img/2-1400.webp"
[31m       Imagemagick: Command returned pid 25532 exit 127 with error sh: 1: convert: not found [0m
       Imagemagick: Generated 132 file(s)
         AutoPages: Disabled/Not configured in site.config.
        Pagination: Complete, processed 1 pagination page(s)
[31m  Conversion error: Jekyll::Converters::Scss encountered an error while converting 'assets/css/main.scss':[0m
[31m                    Error: Invalid CSS after " }": expected selector or at-rule, was "}" on line 137:4 of _sass/_base.scss from line 6:1 of main.scss >> } ---^ [0m
[31m                    ------------------------------------------------[0m
[31m      Jekyll 4.3.1   Please append `--trace` to the `serve` command [0m
[31m                     for any additional information or backtrace. [0m
[31m                    ------------------------------------------------[0m
/var/lib/gems/2.7.0/gems/jekyll-sass-converter-2.2.0/lib/jekyll/converters/scss.rb:200:in `rescue in sass_convert': Error: Invalid CSS after "  }": expected selector or at-rule, was "}" (Jekyll::Converters::Scss::SyntaxError)
        on line 137:4 of _sass/_base.scss
        from line 6:1 of main.scss
>>   }

   ---^
	from /var/lib/gems/2.7.0/gems/jekyll-sass-converter-2.2.0/lib/jekyll/converters/scss.rb:192:in `sass_convert'
	from /var/lib/gems/2.7.0/gems/jekyll-sass-converter-2.2.0/lib/jekyll/converters/scss.rb:186:in `convert'
	from /var/lib/gems/2.7.0/gems/jekyll-4.3.1/lib/jekyll/renderer.rb:105:in `block in convert'
	from /var/lib/gems/2.7.0/gems/jekyll-4.3.1/lib/jekyll/renderer.rb:104:in `each'
	from /var/lib/gems/2.7.0/gems/jekyll-4.3.1/lib/jekyll/renderer.rb:104:in `reduce'
	from /var/lib/gems/2.7.0/gems/jekyll-4.3.1/lib/jekyll/renderer.rb:104:in `convert'
	from /var/lib/gems/2.7.0/gems/jekyll-4.3.1/lib/jekyll/renderer.rb:84:in `render_document'
	from /var/lib/gems/2.7.0/gems/jekyll-4.3.1/lib/jekyll/renderer.rb:63:in `run'
	from /var/lib/gems/2.7.0/gems/jekyll-4.3.1/lib/jekyll/site.rb:578:in `render_regenerated'
	from /var/lib/gems/2.7.0/gems/jekyll-4.3.1/lib/jekyll/site.rb:570:in `block in render_pages'
	from /var/lib/gems/2.7.0/gems/jekyll-4.3.1/lib/jekyll/site.rb:569:in `each'
	from /var/lib/gems/2.7.0/gems/jekyll-4.3.1/lib/jekyll/site.rb:569:in `render_pages'
	from /var/lib/gems/2.7.0/gems/jekyll-4.3.1/lib/jekyll/site.rb:211:in `render'
	from /var/lib/gems/2.7.0/gems/jekyll-4.3.1/lib/jekyll/site.rb:80:in `process'
	from /var/lib/gems/2.7.0/gems/jekyll-4.3.1/lib/jekyll/command.rb:28:in `process_site'
	from /var/lib/gems/2.7.0/gems/jekyll-4.3.1/lib/jekyll/commands/build.rb:65:in `build'
	from /var/lib/gems/2.7.0/gems/jekyll-4.3.1/lib/jekyll/commands/build.rb:36:in `process'
	from /var/lib/gems/2.7.0/gems/jekyll-4.3.1/lib/jekyll/command.rb:91:in `block in process_with_graceful_fail'
	from /var/lib/gems/2.7.0/gems/jekyll-4.3.1/lib/jekyll/command.rb:91:in `each'
	from /var/lib/gems/2.7.0/gems/jekyll-4.3.1/lib/jekyll/command.rb:91:in `process_with_graceful_fail'
	from /var/lib/gems/2.7.0/gems/jekyll-4.3.1/lib/jekyll/commands/serve.rb:86:in `block (2 levels) in init_with_program'
	from /var/lib/gems/2.7.0/gems/mercenary-0.4.0/lib/mercenary/command.rb:221:in `block in execute'
	from /var/lib/gems/2.7.0/gems/mercenary-0.4.0/lib/mercenary/command.rb:221:in `each'
	from /var/lib/gems/2.7.0/gems/mercenary-0.4.0/lib/mercenary/command.rb:221:in `execute'
	from /var/lib/gems/2.7.0/gems/mercenary-0.4.0/lib/mercenary/program.rb:44:in `go'
	from /var/lib/gems/2.7.0/gems/mercenary-0.4.0/lib/mercenary.rb:21:in `program'
	from /var/lib/gems/2.7.0/gems/jekyll-4.3.1/exe/jekyll:15:in `<top (required)>'
	from /usr/local/bin/jekyll:23:in `load'
	from /usr/local/bin/jekyll:23:in `<top (required)>'
	from /var/lib/gems/2.7.0/gems/bundler-2.3.22/lib/bundler/cli/exec.rb:58:in `load'
	from /var/lib/gems/2.7.0/gems/bundler-2.3.22/lib/bundler/cli/exec.rb:58:in `kernel_load'
	from /var/lib/gems/2.7.0/gems/bundler-2.3.22/lib/bundler/cli/exec.rb:23:in `run'
	from /var/lib/gems/2.7.0/gems/bundler-2.3.22/lib/bundler/cli.rb:486:in `exec'
	from /var/lib/gems/2.7.0/gems/bundler-2.3.22/lib/bundler/vendor/thor/lib/thor/command.rb:27:in `run'
	from /var/lib/gems/2.7.0/gems/bundler-2.3.22/lib/bundler/vendor/thor/lib/thor/invocation.rb:127:in `invoke_command'
	from /var/lib/gems/2.7.0/gems/bundler-2.3.22/lib/bundler/vendor/thor/lib/thor.rb:392:in `dispatch'
	from /var/lib/gems/2.7.0/gems/bundler-2.3.22/lib/bundler/cli.rb:31:in `dispatch'
	from /var/lib/gems/2.7.0/gems/bundler-2.3.22/lib/bundler/vendor/thor/lib/thor/base.rb:485:in `start'
	from /var/lib/gems/2.7.0/gems/bundler-2.3.22/lib/bundler/cli.rb:25:in `start'
	from /var/lib/gems/2.7.0/gems/bundler-2.3.22/exe/bundle:48:in `block in <top (required)>'
	from /var/lib/gems/2.7.0/gems/bundler-2.3.22/lib/bundler/friendly_errors.rb:120:in `with_friendly_errors'
	from /var/lib/gems/2.7.0/gems/bundler-2.3.22/exe/bundle:36:in `<top (required)>'
	from /usr/local/bin/bundle:23:in `load'
	from /usr/local/bin/bundle:23:in `<main>'
/home/vishwa/theevildoof.github.io/_sass/_base.scss:137: Error: Invalid CSS after "  }": expected selector or at-rule, was "}" (SassC::SyntaxError)
        on line 137:4 of _sass/_base.scss
        from line 6:1 of main.scss
>>   }

   ---^
	from /var/lib/gems/2.7.0/gems/sassc-2.4.0/lib/sassc/engine.rb:50:in `render'
	from /var/lib/gems/2.7.0/gems/jekyll-sass-converter-2.2.0/lib/jekyll/converters/scss.rb:195:in `sass_convert'
	from /var/lib/gems/2.7.0/gems/jekyll-sass-converter-2.2.0/lib/jekyll/converters/scss.rb:186:in `convert'
	from /var/lib/gems/2.7.0/gems/jekyll-4.3.1/lib/jekyll/renderer.rb:105:in `block in convert'
	from /var/lib/gems/2.7.0/gems/jekyll-4.3.1/lib/jekyll/renderer.rb:104:in `each'
	from /var/lib/gems/2.7.0/gems/jekyll-4.3.1/lib/jekyll/renderer.rb:104:in `reduce'
	from /var/lib/gems/2.7.0/gems/jekyll-4.3.1/lib/jekyll/renderer.rb:104:in `convert'
	from /var/lib/gems/2.7.0/gems/jekyll-4.3.1/lib/jekyll/renderer.rb:84:in `render_document'
	from /var/lib/gems/2.7.0/gems/jekyll-4.3.1/lib/jekyll/renderer.rb:63:in `run'
	from /var/lib/gems/2.7.0/gems/jekyll-4.3.1/lib/jekyll/site.rb:578:in `render_regenerated'
	from /var/lib/gems/2.7.0/gems/jekyll-4.3.1/lib/jekyll/site.rb:570:in `block in render_pages'
	from /var/lib/gems/2.7.0/gems/jekyll-4.3.1/lib/jekyll/site.rb:569:in `each'
	from /var/lib/gems/2.7.0/gems/jekyll-4.3.1/lib/jekyll/site.rb:569:in `render_pages'
	from /var/lib/gems/2.7.0/gems/jekyll-4.3.1/lib/jekyll/site.rb:211:in `render'
	from /var/lib/gems/2.7.0/gems/jekyll-4.3.1/lib/jekyll/site.rb:80:in `process'
	from /var/lib/gems/2.7.0/gems/jekyll-4.3.1/lib/jekyll/command.rb:28:in `process_site'
	from /var/lib/gems/2.7.0/gems/jekyll-4.3.1/lib/jekyll/commands/build.rb:65:in `build'
	from /var/lib/gems/2.7.0/gems/jekyll-4.3.1/lib/jekyll/commands/build.rb:36:in `process'
	from /var/lib/gems/2.7.0/gems/jekyll-4.3.1/lib/jekyll/command.rb:91:in `block in process_with_graceful_fail'
	from /var/lib/gems/2.7.0/gems/jekyll-4.3.1/lib/jekyll/command.rb:91:in `each'
	from /var/lib/gems/2.7.0/gems/jekyll-4.3.1/lib/jekyll/command.rb:91:in `process_with_graceful_fail'
	from /var/lib/gems/2.7.0/gems/jekyll-4.3.1/lib/jekyll/commands/serve.rb:86:in `block (2 levels) in init_with_program'
	from /var/lib/gems/2.7.0/gems/mercenary-0.4.0/lib/mercenary/command.rb:221:in `block in execute'
	from /var/lib/gems/2.7.0/gems/mercenary-0.4.0/lib/mercenary/command.rb:221:in `each'
	from /var/lib/gems/2.7.0/gems/mercenary-0.4.0/lib/mercenary/command.rb:221:in `execute'
	from /var/lib/gems/2.7.0/gems/mercenary-0.4.0/lib/mercenary/program.rb:44:in `go'
	from /var/lib/gems/2.7.0/gems/mercenary-0.4.0/lib/mercenary.rb:21:in `program'
	from /var/lib/gems/2.7.0/gems/jekyll-4.3.1/exe/jekyll:15:in `<top (required)>'
	from /usr/local/bin/jekyll:23:in `load'
	from /usr/local/bin/jekyll:23:in `<top (required)>'
	from /var/lib/gems/2.7.0/gems/bundler-2.3.22/lib/bundler/cli/exec.rb:58:in `load'
	from /var/lib/gems/2.7.0/gems/bundler-2.3.22/lib/bundler/cli/exec.rb:58:in `kernel_load'
	from /var/lib/gems/2.7.0/gems/bundler-2.3.22/lib/bundler/cli/exec.rb:23:in `run'
	from /var/lib/gems/2.7.0/gems/bundler-2.3.22/lib/bundler/cli.rb:486:in `exec'
	from /var/lib/gems/2.7.0/gems/bundler-2.3.22/lib/bundler/vendor/thor/lib/thor/command.rb:27:in `run'
	from /var/lib/gems/2.7.0/gems/bundler-2.3.22/lib/bundler/vendor/thor/lib/thor/invocation.rb:127:in `invoke_command'
	from /var/lib/gems/2.7.0/gems/bundler-2.3.22/lib/bundler/vendor/thor/lib/thor.rb:392:in `dispatch'
	from /var/lib/gems/2.7.0/gems/bundler-2.3.22/lib/bundler/cli.rb:31:in `dispatch'
	from /var/lib/gems/2.7.0/gems/bundler-2.3.22/lib/bundler/vendor/thor/lib/thor/base.rb:485:in `start'
	from /var/lib/gems/2.7.0/gems/bundler-2.3.22/lib/bundler/cli.rb:25:in `start'
	from /var/lib/gems/2.7.0/gems/bundler-2.3.22/exe/bundle:48:in `block in <top (required)>'
	from /var/lib/gems/2.7.0/gems/bundler-2.3.22/lib/bundler/friendly_errors.rb:120:in `with_friendly_errors'
	from /var/lib/gems/2.7.0/gems/bundler-2.3.22/exe/bundle:36:in `<top (required)>'
	from /usr/local/bin/bundle:23:in `load'
	from /usr/local/bin/bundle:23:in `<main>'
